{"C:\\Users\\HP\\OneDrive\\Desktop\\Unit Testing\\src\\main.js": {"path":"C:\\Users\\HP\\OneDrive\\Desktop\\Unit Testing\\src\\main.js","statementMap":{"0":{"start":{"line":2,"column":2},"end":{"line":2,"column":33}},"1":{"start":{"line":5,"column":2},"end":{"line":5,"column":27}},"2":{"start":{"line":9,"column":2},"end":{"line":9,"column":34}},"3":{"start":{"line":13,"column":2},"end":{"line":16,"column":4}},"4":{"start":{"line":19,"column":2},"end":{"line":22,"column":3}},"5":{"start":{"line":21,"column":4},"end":{"line":21,"column":41}},"6":{"start":{"line":23,"column":2},"end":{"line":23,"column":33}},"7":{"start":{"line":26,"column":0},"end":{"line":32,"column":2}}},"fnMap":{"0":{"name":"checkNumber","decl":{"start":{"line":1,"column":9},"end":{"line":1,"column":20}},"loc":{"start":{"line":1,"column":29},"end":{"line":3,"column":1}},"line":1},"1":{"name":"sayHello","decl":{"start":{"line":4,"column":9},"end":{"line":4,"column":17}},"loc":{"start":{"line":4,"column":24},"end":{"line":6,"column":1}},"line":4},"2":{"name":"getNames","decl":{"start":{"line":8,"column":9},"end":{"line":8,"column":17}},"loc":{"start":{"line":8,"column":20},"end":{"line":10,"column":1}},"line":8},"3":{"name":"getUser","decl":{"start":{"line":12,"column":9},"end":{"line":12,"column":16}},"loc":{"start":{"line":12,"column":35},"end":{"line":17,"column":1}},"line":12},"4":{"name":"loginUsers","decl":{"start":{"line":18,"column":9},"end":{"line":18,"column":19}},"loc":{"start":{"line":18,"column":27},"end":{"line":24,"column":1}},"line":18}},"branchMap":{"0":{"loc":{"start":{"line":2,"column":9},"end":{"line":2,"column":32}},"type":"cond-expr","locations":[{"start":{"line":2,"column":22},"end":{"line":2,"column":28}},{"start":{"line":2,"column":31},"end":{"line":2,"column":32}}],"line":2},"1":{"loc":{"start":{"line":19,"column":2},"end":{"line":22,"column":3}},"type":"if","locations":[{"start":{"line":19,"column":2},"end":{"line":22,"column":3}},{"start":{},"end":{}}],"line":19}},"s":{"0":3,"1":1,"2":1,"3":1,"4":7,"5":6,"6":1,"7":1},"f":{"0":3,"1":1,"2":1,"3":1,"4":7},"b":{"0":[1,2],"1":[6,1]},"_coverageSchema":"1a1c01bbd47fc00a2c39e90264f33305004495a9","hash":"c27903cc3d2e1d15d47d6b80288b45b861532fd3"}
}
