TN:
SF:src\exercise.js
FN:1,calculator
FNF:1
FNH:1
FNDA:7,calculator
DA:2,7
DA:3,2
DA:6,5
DA:7,4
DA:8,3
DA:9,2
DA:11,1
DA:17,1
LF:8
LH:8
BRDA:2,0,0,2
BRDA:2,0,1,5
BRDA:2,1,0,7
BRDA:2,1,1,6
BRDA:6,2,0,1
BRDA:6,2,1,4
BRDA:7,3,0,1
BRDA:7,3,1,3
BRDA:8,4,0,1
BRDA:8,4,1,2
BRDA:9,5,0,1
BRDA:9,5,1,1
BRF:12
BRH:12
end_of_record
TN:
SF:src\main.js
FN:1,checkNumber
FN:4,sayHello
FN:8,getNames
FN:12,getUser
FN:18,loginUsers
FNF:5
FNH:5
FNDA:3,checkNumber
FNDA:1,sayHello
FNDA:1,getNames
FNDA:1,getUser
FNDA:7,loginUsers
DA:2,3
DA:5,1
DA:9,1
DA:13,1
DA:19,7
DA:21,6
DA:23,1
DA:26,1
LF:8
LH:8
BRDA:2,0,0,1
BRDA:2,0,1,2
BRDA:19,1,0,6
BRDA:19,1,1,1
BRF:4
BRH:4
end_of_record
TN:
SF:src\script.js
FN:1,connectToDb
FN:7,getBook
FN:8,(anonymous_2)
FNF:3
FNH:3
FNDA:2,connectToDb
FNDA:2,getBook
FNDA:2,(anonymous_2)
DA:2,2
DA:3,1
DA:8,2
DA:9,2
DA:10,1
DA:12,1
DA:17,1
LF:7
LH:7
BRDA:2,0,0,1
BRDA:2,0,1,1
BRDA:9,1,0,1
BRDA:9,1,1,1
BRF:4
BRH:4
end_of_record
TN:
SF:src\validateEmail.js
FN:1,validateEmail
FNF:1
FNH:1
FNDA:6,validateEmail
DA:2,6
DA:3,2
DA:6,4
DA:7,1
DA:10,3
DA:11,2
DA:14,1
DA:17,1
LF:8
LH:8
BRDA:2,0,0,2
BRDA:2,0,1,4
BRDA:2,1,0,6
BRDA:2,1,1,5
BRDA:6,2,0,1
BRDA:6,2,1,3
BRDA:10,3,0,2
BRDA:10,3,1,1
BRDA:10,4,0,3
BRDA:10,4,1,2
BRF:10
BRH:10
end_of_record
